0 info it worked if it ends with ok
1 verbose cli [ '/usr/local/Cellar/node/8.8.1/bin/node',
1 verbose cli   '/usr/local/bin/npm',
1 verbose cli   'run',
1 verbose cli   'start' ]
2 info using npm@4.1.2
3 info using node@v8.8.1
4 verbose run-script [ 'prestart', 'start', 'poststart' ]
5 info lifecycle livinform@0.1.0~prestart: livinform@0.1.0
6 silly lifecycle livinform@0.1.0~prestart: no script for prestart, continuing
7 info lifecycle livinform@0.1.0~start: livinform@0.1.0
8 verbose lifecycle livinform@0.1.0~start: unsafe-perm in lifecycle true
9 verbose lifecycle livinform@0.1.0~start: PATH: /usr/local/lib/node_modules/npm/bin/node-gyp-bin:/Users/suryapratapbadal/Desktop/office Advenith/livinform/node_modules/.bin:/usr/local/bin:/usr/bin:/bin:/usr/sbin:/sbin
10 verbose lifecycle livinform@0.1.0~start: CWD: /Users/suryapratapbadal/Desktop/office Advenith/livinform
11 silly lifecycle livinform@0.1.0~start: Args: [ '-c', 'react-native start' ]
12 silly lifecycle livinform@0.1.0~start: Returned: code: 11  signal: null
13 info lifecycle livinform@0.1.0~start: Failed to exec start script
14 verbose stack Error: livinform@0.1.0 start: `react-native start`
14 verbose stack Exit status 11
14 verbose stack     at EventEmitter.<anonymous> (/usr/local/lib/node_modules/npm/lib/utils/lifecycle.js:279:16)
14 verbose stack     at emitTwo (events.js:125:13)
14 verbose stack     at EventEmitter.emit (events.js:213:7)
14 verbose stack     at ChildProcess.<anonymous> (/usr/local/lib/node_modules/npm/lib/utils/spawn.js:40:14)
14 verbose stack     at emitTwo (events.js:125:13)
14 verbose stack     at ChildProcess.emit (events.js:213:7)
14 verbose stack     at maybeClose (internal/child_process.js:927:16)
14 verbose stack     at Process.ChildProcess._handle.onexit (internal/child_process.js:211:5)
15 verbose pkgid livinform@0.1.0
16 verbose cwd /Users/suryapratapbadal/Desktop/office Advenith/livinform
17 error Darwin 16.7.0
18 error argv "/usr/local/Cellar/node/8.8.1/bin/node" "/usr/local/bin/npm" "run" "start"
19 error node v8.8.1
20 error npm  v4.1.2
21 error code ELIFECYCLE
22 error livinform@0.1.0 start: `react-native start`
22 error Exit status 11
23 error Failed at the livinform@0.1.0 start script 'react-native start'.
23 error Make sure you have the latest version of node.js and npm installed.
23 error If you do, this is most likely a problem with the livinform package,
23 error not with npm itself.
23 error Tell the author that this fails on your system:
23 error     react-native start
23 error You can get information on how to open an issue for this project with:
23 error     npm bugs livinform
23 error Or if that isn't available, you can get their info via:
23 error     npm owner ls livinform
23 error There is likely additional logging output above.
24 verbose exit [ 1, true ]
